POST /products/addproduct/ 500 21 - 15.306 ms
POST /products/addproduct/ 500 21 - 9.710 ms
POST /products/addproduct/ 500 21 - 13.084 ms
POST /products/addproduct/ 500 21 - 15.206 ms
POST /products/addproduct 500 21 - 2.232 ms
POST /products/addproduct 500 21 - 12.774 ms
POST /products/addproduct 500 21 - 1.938 ms
POST /products/addproduct 500 21 - 3.053 ms
GET /products/ 200 2 - 8.310 ms
POST /products/addproduct 500 21 - 1.770 ms
POST /products/addproduct 200 26 - 51.983 ms
GET /products/ 200 115 - 15.039 ms
GET /products/ 200 107 - 18.728 ms
PUT /products/updateproductdetails/?id=652a2ee5b87d78bd643470d0 404 169 - 1.938 ms
PUT /products/updateproductdetails/id=652a2ee5b87d78bd643470d0 404 196 - 0.769 ms
PATCH /products/updateproductdetails/id=652a2ee5b87d78bd643470d0 500 21 - 11.293 ms
PATCH /products/updateproductdetails/id=652a2ee5b87d78bd643470d0 500 21 - 14.140 ms
PATCH /products/updateproductdetails/id=652a2ee5b87d78bd643470d0 500 21 - 11.990 ms
PATCH /products/updateproductdetails/652a2ee5b87d78bd643470d0 200 28 - 20.705 ms
GET /products/ 200 131 - 7.600 ms
PATCH /products/updateproductdetails/652a2ee5b87d78bd643470d0 200 28 - 20.528 ms
GET /products/ 200 132 - 14.313 ms
PUT /products/updateproduct/652a2ee5b87d78bd643470d0 200 28 - 5.761 ms
GET /products/ 200 132 - 2.994 ms
POST /products/addproduct 200 26 - 23.531 ms
GET /products/ 200 320 - 23.901 ms
DELETE /products/deleteproduct/652a2ee5b87d78bd643470d0 200 28 - 22.459 ms
GET /products/ 200 161 - 7.176 ms
POST /products/addproduct 200 26 - 16.515 ms
GET /products/ 200 320 - 4.666 ms
